<?xml version="1.0" encoding="UTF-8"?>
<testsuite xmlns:xsi="http://www.w3.org/2001/XMLSchema-instance" xsi:noNamespaceSchemaLocation="https://maven.apache.org/surefire/maven-surefire-plugin/xsd/surefire-test-report-3.0.xsd" version="3.0" name="edu.unl.exceptionamplifier.testcases.StockTradingResourceAmplifiedTest" time="0.014" tests="1" errors="0" skipped="0" failures="0">
  <properties>
    <property name="java.specification.version" value="23"/>
    <property name="sun.jnu.encoding" value="UTF-8"/>
    <property name="java.class.path" value="/Users/wangxianbin/Downloads/毕设2/exception-test-amplifier/target/test-classes:/Users/wangxianbin/Downloads/毕设2/exception-test-amplifier/target/classes:/Users/wangxianbin/.m2/repository/junit/junit/4.13.2/junit-4.13.2.jar:/Users/wangxianbin/.m2/repository/org/hamcrest/hamcrest-core/1.3/hamcrest-core-1.3.jar:/Users/wangxianbin/.m2/repository/org/aspectj/aspectjrt/1.9.19/aspectjrt-1.9.19.jar:/Users/wangxianbin/.m2/repository/org/aspectj/aspectjweaver/1.9.19/aspectjweaver-1.9.19.jar:"/>
    <property name="java.vm.vendor" value="Homebrew"/>
    <property name="sun.arch.data.model" value="64"/>
    <property name="java.vendor.url" value="https://github.com/Homebrew/homebrew-core/issues"/>
    <property name="os.name" value="Mac OS X"/>
    <property name="java.vm.specification.version" value="23"/>
    <property name="sun.java.launcher" value="SUN_STANDARD"/>
    <property name="user.country" value="CN"/>
    <property name="sun.boot.library.path" value="/usr/local/Cellar/openjdk/23.0.2/libexec/openjdk.jdk/Contents/Home/lib"/>
    <property name="sun.java.command" value="/Users/wangxianbin/Downloads/毕设2/exception-test-amplifier/target/surefire/surefirebooter-20250506191338800_3.jar /Users/wangxianbin/Downloads/毕设2/exception-test-amplifier/target/surefire 2025-05-06T19-13-38_721-jvmRun1 surefire-20250506191338800_1tmp surefire_0-20250506191338800_2tmp"/>
    <property name="jdk.debug" value="release"/>
    <property name="test" value="edu.unl.exceptionamplifier.testcases.StockTradingResourceTest,edu.unl.exceptionamplifier.testcases.StockTradingResourceAmplifiedTest,edu.unl.exceptionamplifier.testcases.IoFileReaderResourceTest,edu.unl.exceptionamplifier.testcases.IoFileReaderResourceAmplifiedTest"/>
    <property name="surefire.test.class.path" value="/Users/wangxianbin/Downloads/毕设2/exception-test-amplifier/target/test-classes:/Users/wangxianbin/Downloads/毕设2/exception-test-amplifier/target/classes:/Users/wangxianbin/.m2/repository/junit/junit/4.13.2/junit-4.13.2.jar:/Users/wangxianbin/.m2/repository/org/hamcrest/hamcrest-core/1.3/hamcrest-core-1.3.jar:/Users/wangxianbin/.m2/repository/org/aspectj/aspectjrt/1.9.19/aspectjrt-1.9.19.jar:/Users/wangxianbin/.m2/repository/org/aspectj/aspectjweaver/1.9.19/aspectjweaver-1.9.19.jar:"/>
    <property name="sun.cpu.endian" value="little"/>
    <property name="user.home" value="/Users/wangxianbin"/>
    <property name="user.language" value="zh"/>
    <property name="java.specification.vendor" value="Oracle Corporation"/>
    <property name="java.version.date" value="2025-01-21"/>
    <property name="java.home" value="/usr/local/Cellar/openjdk/23.0.2/libexec/openjdk.jdk/Contents/Home"/>
    <property name="file.separator" value="/"/>
    <property name="basedir" value="/Users/wangxianbin/Downloads/毕设2/exception-test-amplifier"/>
    <property name="java.vm.compressedOopsMode" value="Zero based"/>
    <property name="line.separator" value="&#10;"/>
    <property name="java.vm.specification.vendor" value="Oracle Corporation"/>
    <property name="java.specification.name" value="Java Platform API Specification"/>
    <property name="apple.awt.application.name" value="ForkedBooter"/>
    <property name="surefire.real.class.path" value="/Users/wangxianbin/Downloads/毕设2/exception-test-amplifier/target/surefire/surefirebooter-20250506191338800_3.jar"/>
    <property name="user.script" value="Hans"/>
    <property name="sun.management.compiler" value="HotSpot 64-Bit Tiered Compilers"/>
    <property name="java.runtime.version" value="23.0.2"/>
    <property name="user.name" value="wangxianbin"/>
    <property name="stdout.encoding" value="UTF-8"/>
    <property name="path.separator" value=":"/>
    <property name="os.version" value="15.1.1"/>
    <property name="java.runtime.name" value="OpenJDK Runtime Environment"/>
    <property name="file.encoding" value="UTF-8"/>
    <property name="java.vm.name" value="OpenJDK 64-Bit Server VM"/>
    <property name="java.vendor.version" value="Homebrew"/>
    <property name="localRepository" value="/Users/wangxianbin/.m2/repository"/>
    <property name="java.vendor.url.bug" value="https://github.com/Homebrew/homebrew-core/issues"/>
    <property name="java.io.tmpdir" value="/var/folders/_p/r_6b14n53tq_tsmrxlq6t4q80000gn/T/"/>
    <property name="java.version" value="23.0.2"/>
    <property name="user.dir" value="/Users/wangxianbin/Downloads/毕设2/exception-test-amplifier"/>
    <property name="os.arch" value="x86_64"/>
    <property name="java.vm.specification.name" value="Java Virtual Machine Specification"/>
    <property name="native.encoding" value="UTF-8"/>
    <property name="java.library.path" value="/Users/wangxianbin/Library/Java/Extensions:/Library/Java/Extensions:/Network/Library/Java/Extensions:/System/Library/Java/Extensions:/usr/lib/java:."/>
    <property name="java.vm.info" value="mixed mode, sharing"/>
    <property name="stderr.encoding" value="UTF-8"/>
    <property name="java.vendor" value="Homebrew"/>
    <property name="java.vm.version" value="23.0.2"/>
    <property name="sun.io.unicode.encoding" value="UnicodeBig"/>
    <property name="java.class.version" value="67.0"/>
  </properties>
  <testcase name="testAmplifiedBuyAndSell" classname="edu.unl.exceptionamplifier.testcases.StockTradingResourceAmplifiedTest" time="0.013">
    <system-out><![CDATA[[TestExplorer] Pattern: [normal, normal, normal, normal]
[Test] Balance: 9000.0, Position: 5
[TestExplorer] Test finished without uncaught exception.
[TestExplorer] Pattern: [normal, normal, normal, IOException]
Mocking exception: IOException for resource: DatabaseApi.getPosition
[Test] Balance: 9000.0, Position: 5
[TestExplorer] Test finished without uncaught exception.
[TestExplorer] Pattern: [normal, normal, normal, TimeoutException]
Mocking exception: TimeoutException for resource: DatabaseApi.getPosition
[Test] Balance: 9000.0, Position: 5
[TestExplorer] Test finished without uncaught exception.
[TestExplorer] Pattern: [normal, normal, IOException, normal]
Mocking exception: IOException for resource: StockExchangeApi.sell
[Test] Balance: 9000.0, Position: 5
[TestExplorer] Test finished without uncaught exception.
[TestExplorer] Pattern: [normal, normal, IOException, IOException]
Mocking exception: IOException for resource: StockExchangeApi.sell
Mocking exception: IOException for resource: DatabaseApi.getPosition
[Test] Balance: 9000.0, Position: 5
[TestExplorer] Test finished without uncaught exception.
[TestExplorer] Pattern: [normal, normal, IOException, TimeoutException]
Mocking exception: IOException for resource: StockExchangeApi.sell
Mocking exception: TimeoutException for resource: DatabaseApi.getPosition
[Test] Balance: 9000.0, Position: 5
[TestExplorer] Test finished without uncaught exception.
[TestExplorer] Pattern: [normal, normal, TimeoutException, normal]
Mocking exception: TimeoutException for resource: StockExchangeApi.sell
[Test] Balance: 9000.0, Position: 5
[TestExplorer] Test finished without uncaught exception.
[TestExplorer] Pattern: [normal, normal, TimeoutException, IOException]
Mocking exception: TimeoutException for resource: StockExchangeApi.sell
Mocking exception: IOException for resource: DatabaseApi.getPosition
[Test] Balance: 9000.0, Position: 5
[TestExplorer] Test finished without uncaught exception.
[TestExplorer] Pattern: [normal, normal, TimeoutException, TimeoutException]
Mocking exception: TimeoutException for resource: StockExchangeApi.sell
Mocking exception: TimeoutException for resource: DatabaseApi.getPosition
[Test] Balance: 9000.0, Position: 5
[TestExplorer] Test finished without uncaught exception.
[TestExplorer] Pattern: [normal, IOException, normal, normal]
Mocking exception: IOException for resource: DatabaseApi.getBalance
[Test] Balance: 9000.0, Position: 5
[TestExplorer] Test finished without uncaught exception.
[TestExplorer] Pattern: [normal, IOException, normal, IOException]
Mocking exception: IOException for resource: DatabaseApi.getBalance
Mocking exception: IOException for resource: DatabaseApi.getPosition
[Test] Balance: 9000.0, Position: 5
[TestExplorer] Test finished without uncaught exception.
[TestExplorer] Pattern: [normal, IOException, normal, TimeoutException]
Mocking exception: IOException for resource: DatabaseApi.getBalance
Mocking exception: TimeoutException for resource: DatabaseApi.getPosition
[Test] Balance: 9000.0, Position: 5
[TestExplorer] Test finished without uncaught exception.
[TestExplorer] Pattern: [normal, IOException, IOException, normal]
Mocking exception: IOException for resource: DatabaseApi.getBalance
Mocking exception: IOException for resource: StockExchangeApi.sell
[Test] Balance: 9000.0, Position: 5
[TestExplorer] Test finished without uncaught exception.
[TestExplorer] Pattern: [normal, IOException, IOException, IOException]
Mocking exception: IOException for resource: DatabaseApi.getBalance
Mocking exception: IOException for resource: StockExchangeApi.sell
Mocking exception: IOException for resource: DatabaseApi.getPosition
[Test] Balance: 9000.0, Position: 5
[TestExplorer] Test finished without uncaught exception.
[TestExplorer] Pattern: [normal, IOException, IOException, TimeoutException]
Mocking exception: IOException for resource: DatabaseApi.getBalance
Mocking exception: IOException for resource: StockExchangeApi.sell
Mocking exception: TimeoutException for resource: DatabaseApi.getPosition
[Test] Balance: 9000.0, Position: 5
[TestExplorer] Test finished without uncaught exception.
[TestExplorer] Pattern: [normal, IOException, TimeoutException, normal]
Mocking exception: IOException for resource: DatabaseApi.getBalance
Mocking exception: TimeoutException for resource: StockExchangeApi.sell
[Test] Balance: 9000.0, Position: 5
[TestExplorer] Test finished without uncaught exception.
[TestExplorer] Pattern: [normal, IOException, TimeoutException, IOException]
Mocking exception: IOException for resource: DatabaseApi.getBalance
Mocking exception: TimeoutException for resource: StockExchangeApi.sell
Mocking exception: IOException for resource: DatabaseApi.getPosition
[Test] Balance: 9000.0, Position: 5
[TestExplorer] Test finished without uncaught exception.
[TestExplorer] Pattern: [normal, IOException, TimeoutException, TimeoutException]
Mocking exception: IOException for resource: DatabaseApi.getBalance
Mocking exception: TimeoutException for resource: StockExchangeApi.sell
Mocking exception: TimeoutException for resource: DatabaseApi.getPosition
[Test] Balance: 9000.0, Position: 5
[TestExplorer] Test finished without uncaught exception.
[TestExplorer] Pattern: [normal, TimeoutException, normal, normal]
Mocking exception: TimeoutException for resource: DatabaseApi.getBalance
[Test] Balance: 9000.0, Position: 5
[TestExplorer] Test finished without uncaught exception.
[TestExplorer] Pattern: [normal, TimeoutException, normal, IOException]
Mocking exception: TimeoutException for resource: DatabaseApi.getBalance
Mocking exception: IOException for resource: DatabaseApi.getPosition
[Test] Balance: 9000.0, Position: 5
[TestExplorer] Test finished without uncaught exception.
[TestExplorer] Pattern: [normal, TimeoutException, normal, TimeoutException]
Mocking exception: TimeoutException for resource: DatabaseApi.getBalance
Mocking exception: TimeoutException for resource: DatabaseApi.getPosition
[Test] Balance: 9000.0, Position: 5
[TestExplorer] Test finished without uncaught exception.
[TestExplorer] Pattern: [normal, TimeoutException, IOException, normal]
Mocking exception: TimeoutException for resource: DatabaseApi.getBalance
Mocking exception: IOException for resource: StockExchangeApi.sell
[Test] Balance: 9000.0, Position: 5
[TestExplorer] Test finished without uncaught exception.
[TestExplorer] Pattern: [normal, TimeoutException, IOException, IOException]
Mocking exception: TimeoutException for resource: DatabaseApi.getBalance
Mocking exception: IOException for resource: StockExchangeApi.sell
Mocking exception: IOException for resource: DatabaseApi.getPosition
[Test] Balance: 9000.0, Position: 5
[TestExplorer] Test finished without uncaught exception.
[TestExplorer] Pattern: [normal, TimeoutException, IOException, TimeoutException]
Mocking exception: TimeoutException for resource: DatabaseApi.getBalance
Mocking exception: IOException for resource: StockExchangeApi.sell
Mocking exception: TimeoutException for resource: DatabaseApi.getPosition
[Test] Balance: 9000.0, Position: 5
[TestExplorer] Test finished without uncaught exception.
[TestExplorer] Pattern: [normal, TimeoutException, TimeoutException, normal]
Mocking exception: TimeoutException for resource: DatabaseApi.getBalance
Mocking exception: TimeoutException for resource: StockExchangeApi.sell
[Test] Balance: 9000.0, Position: 5
[TestExplorer] Test finished without uncaught exception.
[TestExplorer] Pattern: [normal, TimeoutException, TimeoutException, IOException]
Mocking exception: TimeoutException for resource: DatabaseApi.getBalance
Mocking exception: TimeoutException for resource: StockExchangeApi.sell
Mocking exception: IOException for resource: DatabaseApi.getPosition
[Test] Balance: 9000.0, Position: 5
[TestExplorer] Test finished without uncaught exception.
[TestExplorer] Pattern: [normal, TimeoutException, TimeoutException, TimeoutException]
Mocking exception: TimeoutException for resource: DatabaseApi.getBalance
Mocking exception: TimeoutException for resource: StockExchangeApi.sell
Mocking exception: TimeoutException for resource: DatabaseApi.getPosition
[Test] Balance: 9000.0, Position: 5
[TestExplorer] Test finished without uncaught exception.
[TestExplorer] Pattern: [IOException, normal, normal, normal]
Mocking exception: IOException for resource: StockExchangeApi.buy
[Test] Balance: 9000.0, Position: 5
[TestExplorer] Test finished without uncaught exception.
[TestExplorer] Pattern: [IOException, normal, normal, IOException]
Mocking exception: IOException for resource: StockExchangeApi.buy
Mocking exception: IOException for resource: DatabaseApi.getPosition
[Test] Balance: 9000.0, Position: 5
[TestExplorer] Test finished without uncaught exception.
[TestExplorer] Pattern: [IOException, normal, normal, TimeoutException]
Mocking exception: IOException for resource: StockExchangeApi.buy
Mocking exception: TimeoutException for resource: DatabaseApi.getPosition
[Test] Balance: 9000.0, Position: 5
[TestExplorer] Test finished without uncaught exception.
[TestExplorer] Pattern: [IOException, normal, IOException, normal]
Mocking exception: IOException for resource: StockExchangeApi.buy
Mocking exception: IOException for resource: StockExchangeApi.sell
[Test] Balance: 9000.0, Position: 5
[TestExplorer] Test finished without uncaught exception.
[TestExplorer] Pattern: [IOException, normal, IOException, IOException]
Mocking exception: IOException for resource: StockExchangeApi.buy
Mocking exception: IOException for resource: StockExchangeApi.sell
Mocking exception: IOException for resource: DatabaseApi.getPosition
[Test] Balance: 9000.0, Position: 5
[TestExplorer] Test finished without uncaught exception.
[TestExplorer] Pattern: [IOException, normal, IOException, TimeoutException]
Mocking exception: IOException for resource: StockExchangeApi.buy
Mocking exception: IOException for resource: StockExchangeApi.sell
Mocking exception: TimeoutException for resource: DatabaseApi.getPosition
[Test] Balance: 9000.0, Position: 5
[TestExplorer] Test finished without uncaught exception.
[TestExplorer] Pattern: [IOException, normal, TimeoutException, normal]
Mocking exception: IOException for resource: StockExchangeApi.buy
Mocking exception: TimeoutException for resource: StockExchangeApi.sell
[Test] Balance: 9000.0, Position: 5
[TestExplorer] Test finished without uncaught exception.
[TestExplorer] Pattern: [IOException, normal, TimeoutException, IOException]
Mocking exception: IOException for resource: StockExchangeApi.buy
Mocking exception: TimeoutException for resource: StockExchangeApi.sell
Mocking exception: IOException for resource: DatabaseApi.getPosition
[Test] Balance: 9000.0, Position: 5
[TestExplorer] Test finished without uncaught exception.
[TestExplorer] Pattern: [IOException, normal, TimeoutException, TimeoutException]
Mocking exception: IOException for resource: StockExchangeApi.buy
Mocking exception: TimeoutException for resource: StockExchangeApi.sell
Mocking exception: TimeoutException for resource: DatabaseApi.getPosition
[Test] Balance: 9000.0, Position: 5
[TestExplorer] Test finished without uncaught exception.
[TestExplorer] Pattern: [IOException, IOException, normal, normal]
Mocking exception: IOException for resource: StockExchangeApi.buy
Mocking exception: IOException for resource: DatabaseApi.getBalance
[Test] Balance: 9000.0, Position: 5
[TestExplorer] Test finished without uncaught exception.
[TestExplorer] Pattern: [IOException, IOException, normal, IOException]
Mocking exception: IOException for resource: StockExchangeApi.buy
Mocking exception: IOException for resource: DatabaseApi.getBalance
Mocking exception: IOException for resource: DatabaseApi.getPosition
[Test] Balance: 9000.0, Position: 5
[TestExplorer] Test finished without uncaught exception.
[TestExplorer] Pattern: [IOException, IOException, normal, TimeoutException]
Mocking exception: IOException for resource: StockExchangeApi.buy
Mocking exception: IOException for resource: DatabaseApi.getBalance
Mocking exception: TimeoutException for resource: DatabaseApi.getPosition
[Test] Balance: 9000.0, Position: 5
[TestExplorer] Test finished without uncaught exception.
[TestExplorer] Pattern: [IOException, IOException, IOException, normal]
Mocking exception: IOException for resource: StockExchangeApi.buy
Mocking exception: IOException for resource: DatabaseApi.getBalance
Mocking exception: IOException for resource: StockExchangeApi.sell
[Test] Balance: 9000.0, Position: 5
[TestExplorer] Test finished without uncaught exception.
[TestExplorer] Pattern: [IOException, IOException, IOException, IOException]
Mocking exception: IOException for resource: StockExchangeApi.buy
Mocking exception: IOException for resource: DatabaseApi.getBalance
Mocking exception: IOException for resource: StockExchangeApi.sell
Mocking exception: IOException for resource: DatabaseApi.getPosition
[Test] Balance: 9000.0, Position: 5
[TestExplorer] Test finished without uncaught exception.
[TestExplorer] Pattern: [IOException, IOException, IOException, TimeoutException]
Mocking exception: IOException for resource: StockExchangeApi.buy
Mocking exception: IOException for resource: DatabaseApi.getBalance
Mocking exception: IOException for resource: StockExchangeApi.sell
Mocking exception: TimeoutException for resource: DatabaseApi.getPosition
[Test] Balance: 9000.0, Position: 5
[TestExplorer] Test finished without uncaught exception.
[TestExplorer] Pattern: [IOException, IOException, TimeoutException, normal]
Mocking exception: IOException for resource: StockExchangeApi.buy
Mocking exception: IOException for resource: DatabaseApi.getBalance
Mocking exception: TimeoutException for resource: StockExchangeApi.sell
[Test] Balance: 9000.0, Position: 5
[TestExplorer] Test finished without uncaught exception.
[TestExplorer] Pattern: [IOException, IOException, TimeoutException, IOException]
Mocking exception: IOException for resource: StockExchangeApi.buy
Mocking exception: IOException for resource: DatabaseApi.getBalance
Mocking exception: TimeoutException for resource: StockExchangeApi.sell
Mocking exception: IOException for resource: DatabaseApi.getPosition
[Test] Balance: 9000.0, Position: 5
[TestExplorer] Test finished without uncaught exception.
[TestExplorer] Pattern: [IOException, IOException, TimeoutException, TimeoutException]
Mocking exception: IOException for resource: StockExchangeApi.buy
Mocking exception: IOException for resource: DatabaseApi.getBalance
Mocking exception: TimeoutException for resource: StockExchangeApi.sell
Mocking exception: TimeoutException for resource: DatabaseApi.getPosition
[Test] Balance: 9000.0, Position: 5
[TestExplorer] Test finished without uncaught exception.
[TestExplorer] Pattern: [IOException, TimeoutException, normal, normal]
Mocking exception: IOException for resource: StockExchangeApi.buy
Mocking exception: TimeoutException for resource: DatabaseApi.getBalance
[Test] Balance: 9000.0, Position: 5
[TestExplorer] Test finished without uncaught exception.
[TestExplorer] Pattern: [IOException, TimeoutException, normal, IOException]
Mocking exception: IOException for resource: StockExchangeApi.buy
Mocking exception: TimeoutException for resource: DatabaseApi.getBalance
Mocking exception: IOException for resource: DatabaseApi.getPosition
[Test] Balance: 9000.0, Position: 5
[TestExplorer] Test finished without uncaught exception.
[TestExplorer] Pattern: [IOException, TimeoutException, normal, TimeoutException]
Mocking exception: IOException for resource: StockExchangeApi.buy
Mocking exception: TimeoutException for resource: DatabaseApi.getBalance
Mocking exception: TimeoutException for resource: DatabaseApi.getPosition
[Test] Balance: 9000.0, Position: 5
[TestExplorer] Test finished without uncaught exception.
[TestExplorer] Pattern: [IOException, TimeoutException, IOException, normal]
Mocking exception: IOException for resource: StockExchangeApi.buy
Mocking exception: TimeoutException for resource: DatabaseApi.getBalance
Mocking exception: IOException for resource: StockExchangeApi.sell
[Test] Balance: 9000.0, Position: 5
[TestExplorer] Test finished without uncaught exception.
[TestExplorer] Pattern: [IOException, TimeoutException, IOException, IOException]
Mocking exception: IOException for resource: StockExchangeApi.buy
Mocking exception: TimeoutException for resource: DatabaseApi.getBalance
Mocking exception: IOException for resource: StockExchangeApi.sell
Mocking exception: IOException for resource: DatabaseApi.getPosition
[Test] Balance: 9000.0, Position: 5
[TestExplorer] Test finished without uncaught exception.
[TestExplorer] Pattern: [IOException, TimeoutException, IOException, TimeoutException]
Mocking exception: IOException for resource: StockExchangeApi.buy
Mocking exception: TimeoutException for resource: DatabaseApi.getBalance
Mocking exception: IOException for resource: StockExchangeApi.sell
Mocking exception: TimeoutException for resource: DatabaseApi.getPosition
[Test] Balance: 9000.0, Position: 5
[TestExplorer] Test finished without uncaught exception.
[TestExplorer] Pattern: [IOException, TimeoutException, TimeoutException, normal]
Mocking exception: IOException for resource: StockExchangeApi.buy
Mocking exception: TimeoutException for resource: DatabaseApi.getBalance
Mocking exception: TimeoutException for resource: StockExchangeApi.sell
[Test] Balance: 9000.0, Position: 5
[TestExplorer] Test finished without uncaught exception.
[TestExplorer] Pattern: [IOException, TimeoutException, TimeoutException, IOException]
Mocking exception: IOException for resource: StockExchangeApi.buy
Mocking exception: TimeoutException for resource: DatabaseApi.getBalance
Mocking exception: TimeoutException for resource: StockExchangeApi.sell
Mocking exception: IOException for resource: DatabaseApi.getPosition
[Test] Balance: 9000.0, Position: 5
[TestExplorer] Test finished without uncaught exception.
[TestExplorer] Pattern: [IOException, TimeoutException, TimeoutException, TimeoutException]
Mocking exception: IOException for resource: StockExchangeApi.buy
Mocking exception: TimeoutException for resource: DatabaseApi.getBalance
Mocking exception: TimeoutException for resource: StockExchangeApi.sell
Mocking exception: TimeoutException for resource: DatabaseApi.getPosition
[Test] Balance: 9000.0, Position: 5
[TestExplorer] Test finished without uncaught exception.
[TestExplorer] Pattern: [TimeoutException, normal, normal, normal]
Mocking exception: TimeoutException for resource: StockExchangeApi.buy
[Test] Balance: 9000.0, Position: 5
[TestExplorer] Test finished without uncaught exception.
[TestExplorer] Pattern: [TimeoutException, normal, normal, IOException]
Mocking exception: TimeoutException for resource: StockExchangeApi.buy
Mocking exception: IOException for resource: DatabaseApi.getPosition
[Test] Balance: 9000.0, Position: 5
[TestExplorer] Test finished without uncaught exception.
[TestExplorer] Pattern: [TimeoutException, normal, normal, TimeoutException]
Mocking exception: TimeoutException for resource: StockExchangeApi.buy
Mocking exception: TimeoutException for resource: DatabaseApi.getPosition
[Test] Balance: 9000.0, Position: 5
[TestExplorer] Test finished without uncaught exception.
[TestExplorer] Pattern: [TimeoutException, normal, IOException, normal]
Mocking exception: TimeoutException for resource: StockExchangeApi.buy
Mocking exception: IOException for resource: StockExchangeApi.sell
[Test] Balance: 9000.0, Position: 5
[TestExplorer] Test finished without uncaught exception.
[TestExplorer] Pattern: [TimeoutException, normal, IOException, IOException]
Mocking exception: TimeoutException for resource: StockExchangeApi.buy
Mocking exception: IOException for resource: StockExchangeApi.sell
Mocking exception: IOException for resource: DatabaseApi.getPosition
[Test] Balance: 9000.0, Position: 5
[TestExplorer] Test finished without uncaught exception.
[TestExplorer] Pattern: [TimeoutException, normal, IOException, TimeoutException]
Mocking exception: TimeoutException for resource: StockExchangeApi.buy
Mocking exception: IOException for resource: StockExchangeApi.sell
Mocking exception: TimeoutException for resource: DatabaseApi.getPosition
[Test] Balance: 9000.0, Position: 5
[TestExplorer] Test finished without uncaught exception.
[TestExplorer] Pattern: [TimeoutException, normal, TimeoutException, normal]
Mocking exception: TimeoutException for resource: StockExchangeApi.buy
Mocking exception: TimeoutException for resource: StockExchangeApi.sell
[Test] Balance: 9000.0, Position: 5
[TestExplorer] Test finished without uncaught exception.
[TestExplorer] Pattern: [TimeoutException, normal, TimeoutException, IOException]
Mocking exception: TimeoutException for resource: StockExchangeApi.buy
Mocking exception: TimeoutException for resource: StockExchangeApi.sell
Mocking exception: IOException for resource: DatabaseApi.getPosition
[Test] Balance: 9000.0, Position: 5
[TestExplorer] Test finished without uncaught exception.
[TestExplorer] Pattern: [TimeoutException, normal, TimeoutException, TimeoutException]
Mocking exception: TimeoutException for resource: StockExchangeApi.buy
Mocking exception: TimeoutException for resource: StockExchangeApi.sell
Mocking exception: TimeoutException for resource: DatabaseApi.getPosition
[Test] Balance: 9000.0, Position: 5
[TestExplorer] Test finished without uncaught exception.
[TestExplorer] Pattern: [TimeoutException, IOException, normal, normal]
Mocking exception: TimeoutException for resource: StockExchangeApi.buy
Mocking exception: IOException for resource: DatabaseApi.getBalance
[Test] Balance: 9000.0, Position: 5
[TestExplorer] Test finished without uncaught exception.
[TestExplorer] Pattern: [TimeoutException, IOException, normal, IOException]
Mocking exception: TimeoutException for resource: StockExchangeApi.buy
Mocking exception: IOException for resource: DatabaseApi.getBalance
Mocking exception: IOException for resource: DatabaseApi.getPosition
[Test] Balance: 9000.0, Position: 5
[TestExplorer] Test finished without uncaught exception.
[TestExplorer] Pattern: [TimeoutException, IOException, normal, TimeoutException]
Mocking exception: TimeoutException for resource: StockExchangeApi.buy
Mocking exception: IOException for resource: DatabaseApi.getBalance
Mocking exception: TimeoutException for resource: DatabaseApi.getPosition
[Test] Balance: 9000.0, Position: 5
[TestExplorer] Test finished without uncaught exception.
[TestExplorer] Pattern: [TimeoutException, IOException, IOException, normal]
Mocking exception: TimeoutException for resource: StockExchangeApi.buy
Mocking exception: IOException for resource: DatabaseApi.getBalance
Mocking exception: IOException for resource: StockExchangeApi.sell
[Test] Balance: 9000.0, Position: 5
[TestExplorer] Test finished without uncaught exception.
[TestExplorer] Pattern: [TimeoutException, IOException, IOException, IOException]
Mocking exception: TimeoutException for resource: StockExchangeApi.buy
Mocking exception: IOException for resource: DatabaseApi.getBalance
Mocking exception: IOException for resource: StockExchangeApi.sell
Mocking exception: IOException for resource: DatabaseApi.getPosition
[Test] Balance: 9000.0, Position: 5
[TestExplorer] Test finished without uncaught exception.
[TestExplorer] Pattern: [TimeoutException, IOException, IOException, TimeoutException]
Mocking exception: TimeoutException for resource: StockExchangeApi.buy
Mocking exception: IOException for resource: DatabaseApi.getBalance
Mocking exception: IOException for resource: StockExchangeApi.sell
Mocking exception: TimeoutException for resource: DatabaseApi.getPosition
[Test] Balance: 9000.0, Position: 5
[TestExplorer] Test finished without uncaught exception.
[TestExplorer] Pattern: [TimeoutException, IOException, TimeoutException, normal]
Mocking exception: TimeoutException for resource: StockExchangeApi.buy
Mocking exception: IOException for resource: DatabaseApi.getBalance
Mocking exception: TimeoutException for resource: StockExchangeApi.sell
[Test] Balance: 9000.0, Position: 5
[TestExplorer] Test finished without uncaught exception.
[TestExplorer] Pattern: [TimeoutException, IOException, TimeoutException, IOException]
Mocking exception: TimeoutException for resource: StockExchangeApi.buy
Mocking exception: IOException for resource: DatabaseApi.getBalance
Mocking exception: TimeoutException for resource: StockExchangeApi.sell
Mocking exception: IOException for resource: DatabaseApi.getPosition
[Test] Balance: 9000.0, Position: 5
[TestExplorer] Test finished without uncaught exception.
[TestExplorer] Pattern: [TimeoutException, IOException, TimeoutException, TimeoutException]
Mocking exception: TimeoutException for resource: StockExchangeApi.buy
Mocking exception: IOException for resource: DatabaseApi.getBalance
Mocking exception: TimeoutException for resource: StockExchangeApi.sell
Mocking exception: TimeoutException for resource: DatabaseApi.getPosition
[Test] Balance: 9000.0, Position: 5
[TestExplorer] Test finished without uncaught exception.
[TestExplorer] Pattern: [TimeoutException, TimeoutException, normal, normal]
Mocking exception: TimeoutException for resource: StockExchangeApi.buy
Mocking exception: TimeoutException for resource: DatabaseApi.getBalance
[Test] Balance: 9000.0, Position: 5
[TestExplorer] Test finished without uncaught exception.
[TestExplorer] Pattern: [TimeoutException, TimeoutException, normal, IOException]
Mocking exception: TimeoutException for resource: StockExchangeApi.buy
Mocking exception: TimeoutException for resource: DatabaseApi.getBalance
Mocking exception: IOException for resource: DatabaseApi.getPosition
[Test] Balance: 9000.0, Position: 5
[TestExplorer] Test finished without uncaught exception.
[TestExplorer] Pattern: [TimeoutException, TimeoutException, normal, TimeoutException]
Mocking exception: TimeoutException for resource: StockExchangeApi.buy
Mocking exception: TimeoutException for resource: DatabaseApi.getBalance
Mocking exception: TimeoutException for resource: DatabaseApi.getPosition
[Test] Balance: 9000.0, Position: 5
[TestExplorer] Test finished without uncaught exception.
[TestExplorer] Pattern: [TimeoutException, TimeoutException, IOException, normal]
Mocking exception: TimeoutException for resource: StockExchangeApi.buy
Mocking exception: TimeoutException for resource: DatabaseApi.getBalance
Mocking exception: IOException for resource: StockExchangeApi.sell
[Test] Balance: 9000.0, Position: 5
[TestExplorer] Test finished without uncaught exception.
[TestExplorer] Pattern: [TimeoutException, TimeoutException, IOException, IOException]
Mocking exception: TimeoutException for resource: StockExchangeApi.buy
Mocking exception: TimeoutException for resource: DatabaseApi.getBalance
Mocking exception: IOException for resource: StockExchangeApi.sell
Mocking exception: IOException for resource: DatabaseApi.getPosition
[Test] Balance: 9000.0, Position: 5
[TestExplorer] Test finished without uncaught exception.
[TestExplorer] Pattern: [TimeoutException, TimeoutException, IOException, TimeoutException]
Mocking exception: TimeoutException for resource: StockExchangeApi.buy
Mocking exception: TimeoutException for resource: DatabaseApi.getBalance
Mocking exception: IOException for resource: StockExchangeApi.sell
Mocking exception: TimeoutException for resource: DatabaseApi.getPosition
[Test] Balance: 9000.0, Position: 5
[TestExplorer] Test finished without uncaught exception.
[TestExplorer] Pattern: [TimeoutException, TimeoutException, TimeoutException, normal]
Mocking exception: TimeoutException for resource: StockExchangeApi.buy
Mocking exception: TimeoutException for resource: DatabaseApi.getBalance
Mocking exception: TimeoutException for resource: StockExchangeApi.sell
[Test] Balance: 9000.0, Position: 5
[TestExplorer] Test finished without uncaught exception.
[TestExplorer] Pattern: [TimeoutException, TimeoutException, TimeoutException, IOException]
Mocking exception: TimeoutException for resource: StockExchangeApi.buy
Mocking exception: TimeoutException for resource: DatabaseApi.getBalance
Mocking exception: TimeoutException for resource: StockExchangeApi.sell
Mocking exception: IOException for resource: DatabaseApi.getPosition
[Test] Balance: 9000.0, Position: 5
[TestExplorer] Test finished without uncaught exception.
[TestExplorer] Pattern: [TimeoutException, TimeoutException, TimeoutException, TimeoutException]
Mocking exception: TimeoutException for resource: StockExchangeApi.buy
Mocking exception: TimeoutException for resource: DatabaseApi.getBalance
Mocking exception: TimeoutException for resource: StockExchangeApi.sell
Mocking exception: TimeoutException for resource: DatabaseApi.getPosition
[Test] Balance: 9000.0, Position: 5
[TestExplorer] Test finished without uncaught exception.
]]></system-out>
  </testcase>
</testsuite>